<?xml version="1.0" encoding="UTF-8"?>
<testsuite xmlns:xsi="http://www.w3.org/2001/XMLSchema-instance" xsi:noNamespaceSchemaLocation="https://maven.apache.org/surefire/maven-surefire-plugin/xsd/surefire-test-report-3.0.xsd" version="3.0" name="BancoTest" time="0.052" tests="5" errors="4" skipped="0" failures="0">
  <properties>
[...]
</properties>
  <testcase name="deveFalharAoSacarContaPoupanca" classname="BancoTest" time="0.019">
    <error message="Unresolved compilation problem: &#10;	The constructor ContaPoupanca(int, String, Banco) is undefined&#10;" type="java.lang.Error"><![CDATA[java.lang.Error: 
Unresolved compilation problem: 
	The constructor ContaPoupanca(int, String, Banco) is undefined

	at br.udesc.testedesoftware.Banco.criarContaPoupanca(Banco.java:32)
	at BancoTest.deveFalharAoSacarContaPoupanca(BancoTest.java:70)
	at java.base/java.lang.reflect.Method.invoke(Method.java:578)
	at java.base/java.util.ArrayList.forEach(ArrayList.java:1511)
	at java.base/java.util.ArrayList.forEach(ArrayList.java:1511)
]]></error>
  </testcase>
  <testcase name="deveCriarContasCodigosIguaisEmBancosDiferentes" classname="BancoTest" time="0.002">
    <error message="Unresolved compilation problem: &#10;	The constructor ContaCorrente(int, String, Banco) is undefined&#10;" type="java.lang.Error"><![CDATA[java.lang.Error: 
Unresolved compilation problem: 
	The constructor ContaCorrente(int, String, Banco) is undefined

	at br.udesc.testedesoftware.Banco.criarContaCorrente(Banco.java:26)
	at BancoTest.deveCriarContasCodigosIguaisEmBancosDiferentes(BancoTest.java:86)
	at java.base/java.lang.reflect.Method.invoke(Method.java:578)
	at java.base/java.util.ArrayList.forEach(ArrayList.java:1511)
	at java.base/java.util.ArrayList.forEach(ArrayList.java:1511)
]]></error>
  </testcase>
  <testcase name="deveCriarUmaNovaContaCorrente" classname="BancoTest" time="0.002">
    <error message="Unresolved compilation problem: &#10;	The constructor ContaCorrente(int, String, Banco) is undefined&#10;" type="java.lang.Error"><![CDATA[java.lang.Error: 
Unresolved compilation problem: 
	The constructor ContaCorrente(int, String, Banco) is undefined

	at br.udesc.testedesoftware.Banco.criarContaCorrente(Banco.java:26)
	at BancoTest.deveCriarUmaNovaContaCorrente(BancoTest.java:26)
	at java.base/java.lang.reflect.Method.invoke(Method.java:578)
	at java.base/java.util.ArrayList.forEach(ArrayList.java:1511)
	at java.base/java.util.ArrayList.forEach(ArrayList.java:1511)
]]></error>
  </testcase>
  <testcase name="deveEfetuarSaqueContaCorrente" classname="BancoTest" time="0.001">
    <error message="Unresolved compilation problem: &#10;	The constructor ContaCorrente(int, String, Banco) is undefined&#10;" type="java.lang.Error"><![CDATA[java.lang.Error: 
Unresolved compilation problem: 
	The constructor ContaCorrente(int, String, Banco) is undefined

	at br.udesc.testedesoftware.Banco.criarContaCorrente(Banco.java:26)
	at BancoTest.deveEfetuarSaqueContaCorrente(BancoTest.java:54)
	at java.base/java.lang.reflect.Method.invoke(Method.java:578)
	at java.base/java.util.ArrayList.forEach(ArrayList.java:1511)
	at java.base/java.util.ArrayList.forEach(ArrayList.java:1511)
]]></error>
  </testcase>
  <testcase name="deveCriarBancoComCodigoIncremental" classname="BancoTest" time="0.001"/>
</testsuite>